{"/Users/new/Tiny-miles/src/app.ts": {"path":"/Users/new/Tiny-miles/src/app.ts","statementMap":{"0":{"start":{"line":1,"column":0},"end":{"line":1,"column":26}},"1":{"start":{"line":2,"column":0},"end":{"line":2,"column":17}},"2":{"start":{"line":3,"column":0},"end":{"line":3,"column":41}},"3":{"start":{"line":4,"column":0},"end":{"line":4,"column":24}},"4":{"start":{"line":5,"column":0},"end":{"line":5,"column":28}},"5":{"start":{"line":6,"column":0},"end":{"line":6,"column":30}},"6":{"start":{"line":7,"column":0},"end":{"line":7,"column":28}},"7":{"start":{"line":8,"column":0},"end":{"line":8,"column":22}},"8":{"start":{"line":9,"column":0},"end":{"line":9,"column":28}},"9":{"start":{"line":10,"column":0},"end":{"line":10,"column":38}},"10":{"start":{"line":13,"column":0},"end":{"line":13,"column":43}},"11":{"start":{"line":14,"column":0},"end":{"line":14,"column":39}},"12":{"start":{"line":16,"column":0},"end":{"line":16,"column":60}},"13":{"start":{"line":17,"column":0},"end":{"line":17,"column":47}},"14":{"start":{"line":25,"column":4},"end":{"line":25,"column":25}},"15":{"start":{"line":26,"column":4},"end":{"line":26,"column":41}},"16":{"start":{"line":27,"column":4},"end":{"line":27,"column":53}},"17":{"start":{"line":29,"column":4},"end":{"line":29,"column":52}},"18":{"start":{"line":30,"column":4},"end":{"line":30,"column":33}},"19":{"start":{"line":31,"column":4},"end":{"line":31,"column":34}},"20":{"start":{"line":32,"column":4},"end":{"line":32,"column":35}},"21":{"start":{"line":36,"column":4},"end":{"line":41,"column":7}},"22":{"start":{"line":37,"column":6},"end":{"line":37,"column":55}},"23":{"start":{"line":38,"column":6},"end":{"line":38,"column":54}},"24":{"start":{"line":39,"column":6},"end":{"line":39,"column":63}},"25":{"start":{"line":40,"column":6},"end":{"line":40,"column":55}},"26":{"start":{"line":45,"column":4},"end":{"line":45,"column":20}},"27":{"start":{"line":49,"column":4},"end":{"line":49,"column":35}},"28":{"start":{"line":53,"column":4},"end":{"line":53,"column":63}},"29":{"start":{"line":54,"column":4},"end":{"line":54,"column":107}},"30":{"start":{"line":55,"column":4},"end":{"line":55,"column":24}},"31":{"start":{"line":56,"column":4},"end":{"line":56,"column":27}},"32":{"start":{"line":57,"column":4},"end":{"line":57,"column":32}},"33":{"start":{"line":58,"column":4},"end":{"line":58,"column":33}},"34":{"start":{"line":59,"column":4},"end":{"line":59,"column":57}},"35":{"start":{"line":60,"column":4},"end":{"line":60,"column":33}},"36":{"start":{"line":64,"column":4},"end":{"line":66,"column":7}},"37":{"start":{"line":65,"column":6},"end":{"line":65,"column":38}},"38":{"start":{"line":86,"column":4},"end":{"line":86,"column":34}},"39":{"start":{"line":90,"column":0},"end":{"line":90,"column":19}}},"fnMap":{"0":{"name":"(anonymous_0)","decl":{"start":{"line":24,"column":2},"end":{"line":24,"column":14}},"loc":{"start":{"line":24,"column":30},"end":{"line":33,"column":3}}},"1":{"name":"(anonymous_1)","decl":{"start":{"line":35,"column":9},"end":{"line":35,"column":15}},"loc":{"start":{"line":35,"column":15},"end":{"line":42,"column":3}}},"2":{"name":"(anonymous_2)","decl":{"start":{"line":36,"column":31},"end":{"line":36,"column":34}},"loc":{"start":{"line":36,"column":36},"end":{"line":41,"column":5}}},"3":{"name":"(anonymous_3)","decl":{"start":{"line":44,"column":9},"end":{"line":44,"column":18}},"loc":{"start":{"line":44,"column":18},"end":{"line":46,"column":3}}},"4":{"name":"(anonymous_4)","decl":{"start":{"line":48,"column":10},"end":{"line":48,"column":27}},"loc":{"start":{"line":48,"column":27},"end":{"line":50,"column":3}}},"5":{"name":"(anonymous_5)","decl":{"start":{"line":52,"column":10},"end":{"line":52,"column":31}},"loc":{"start":{"line":52,"column":31},"end":{"line":61,"column":3}}},"6":{"name":"(anonymous_6)","decl":{"start":{"line":63,"column":10},"end":{"line":63,"column":26}},"loc":{"start":{"line":63,"column":43},"end":{"line":67,"column":3}}},"7":{"name":"(anonymous_7)","decl":{"start":{"line":64,"column":19},"end":{"line":64,"column":24}},"loc":{"start":{"line":64,"column":27},"end":{"line":66,"column":5}}},"8":{"name":"(anonymous_8)","decl":{"start":{"line":85,"column":10},"end":{"line":85,"column":33}},"loc":{"start":{"line":85,"column":33},"end":{"line":87,"column":3}}}},"branchMap":{"0":{"loc":{"start":{"line":26,"column":16},"end":{"line":26,"column":40}},"type":"binary-expr","locations":[{"start":{"line":26,"column":16},"end":{"line":26,"column":32}},{"start":{"line":26,"column":36},"end":{"line":26,"column":40}}]},"1":{"loc":{"start":{"line":27,"column":15},"end":{"line":27,"column":52}},"type":"binary-expr","locations":[{"start":{"line":27,"column":15},"end":{"line":27,"column":35}},{"start":{"line":27,"column":39},"end":{"line":27,"column":52}}]},"2":{"loc":{"start":{"line":29,"column":4},"end":{"line":29,"column":51}},"type":"binary-expr","locations":[{"start":{"line":29,"column":4},"end":{"line":29,"column":23}},{"start":{"line":29,"column":27},"end":{"line":29,"column":51}}]}},"s":{"0":2,"1":2,"2":2,"3":2,"4":2,"5":2,"6":2,"7":2,"8":2,"9":2,"10":2,"11":2,"12":2,"13":2,"14":3,"15":3,"16":3,"17":3,"18":3,"19":3,"20":3,"21":0,"22":0,"23":0,"24":0,"25":0,"26":3,"27":0,"28":3,"29":3,"30":3,"31":3,"32":3,"33":3,"34":3,"35":3,"36":3,"37":3,"38":3,"39":2},"f":{"0":3,"1":0,"2":0,"3":3,"4":0,"5":3,"6":3,"7":3,"8":3},"b":{"0":[3,3],"1":[3,0],"2":[3,0]}}
,"/Users/new/Tiny-miles/src/index.ts": {"path":"/Users/new/Tiny-miles/src/index.ts","statementMap":{"0":{"start":{"line":1,"column":0},"end":{"line":1,"column":56}}},"fnMap":{},"branchMap":{},"s":{"0":2},"f":{},"b":{}}
,"/Users/new/Tiny-miles/src/controllers/auth.controller.ts": {"path":"/Users/new/Tiny-miles/src/controllers/auth.controller.ts","statementMap":{"0":{"start":{"line":5,"column":0},"end":{"line":5,"column":49}},"1":{"start":{"line":8,"column":9},"end":{"line":8,"column":41}},"2":{"start":{"line":10,"column":9},"end":{"line":19,"column":4}},"3":{"start":{"line":11,"column":4},"end":{"line":18,"column":null}},"4":{"start":{"line":12,"column":38},"end":{"line":12,"column":46}},"5":{"start":{"line":13,"column":6},"end":{"line":13,"column":46}},"6":{"start":{"line":15,"column":6},"end":{"line":15,"column":50}},"7":{"start":{"line":17,"column":6},"end":{"line":17,"column":18}},"8":{"start":{"line":21,"column":9},"end":{"line":30,"column":4}},"9":{"start":{"line":22,"column":4},"end":{"line":29,"column":null}},"10":{"start":{"line":23,"column":38},"end":{"line":23,"column":46}},"11":{"start":{"line":24,"column":28},"end":{"line":24,"column":66}},"12":{"start":{"line":26,"column":6},"end":{"line":26,"column":38}},"13":{"start":{"line":28,"column":6},"end":{"line":28,"column":18}},"14":{"start":{"line":33,"column":0},"end":{"line":33,"column":30}}},"fnMap":{"0":{"name":"(anonymous_0)","decl":{"start":{"line":7,"column":0},"end":{"line":7,"column":6}},"loc":{"start":{"line":7,"column":0},"end":{"line":31,"column":1}}},"1":{"name":"(anonymous_1)","decl":{"start":{"line":10,"column":18},"end":{"line":10,"column":23}},"loc":{"start":{"line":10,"column":91},"end":{"line":19,"column":3}}},"2":{"name":"(anonymous_2)","decl":{"start":{"line":21,"column":17},"end":{"line":21,"column":22}},"loc":{"start":{"line":21,"column":90},"end":{"line":30,"column":3}}}},"branchMap":{},"s":{"0":1,"1":2,"2":2,"3":1,"4":1,"5":1,"6":0,"7":1,"8":2,"9":1,"10":1,"11":1,"12":1,"13":0,"14":1},"f":{"0":2,"1":1,"2":1},"b":{}}
,"/Users/new/Tiny-miles/src/controllers/index.controller.ts": {"path":"/Users/new/Tiny-miles/src/controllers/index.controller.ts","statementMap":{"0":{"start":{"line":4,"column":9},"end":{"line":10,"column":4}},"1":{"start":{"line":5,"column":4},"end":{"line":9,"column":null}},"2":{"start":{"line":6,"column":6},"end":{"line":6,"column":26}},"3":{"start":{"line":8,"column":6},"end":{"line":8,"column":18}},"4":{"start":{"line":13,"column":0},"end":{"line":13,"column":31}}},"fnMap":{"0":{"name":"(anonymous_0)","decl":{"start":{"line":3,"column":0},"end":{"line":3,"column":6}},"loc":{"start":{"line":3,"column":0},"end":{"line":11,"column":1}}},"1":{"name":"(anonymous_1)","decl":{"start":{"line":4,"column":17},"end":{"line":4,"column":18}},"loc":{"start":{"line":4,"column":75},"end":{"line":10,"column":3}}}},"branchMap":{},"s":{"0":1,"1":1,"2":1,"3":0,"4":1},"f":{"0":1,"1":1},"b":{}}
,"/Users/new/Tiny-miles/src/databases/index.ts": {"path":"/Users/new/Tiny-miles/src/databases/index.ts","statementMap":{"0":{"start":{"line":1,"column":0},"end":{"line":1,"column":24}},"1":{"start":{"line":4,"column":88},"end":{"line":4,"column":99}},"2":{"start":{"line":5,"column":36},"end":{"line":21,"column":2}},"3":{"start":{"line":23,"column":0},"end":{"line":23,"column":18}}},"fnMap":{},"branchMap":{},"s":{"0":2,"1":2,"2":2,"3":2},"f":{},"b":{}}
,"/Users/new/Tiny-miles/src/dtos/users.dto.ts": {"path":"/Users/new/Tiny-miles/src/dtos/users.dto.ts","statementMap":{"0":{"start":{"line":1,"column":0},"end":{"line":1,"column":52}},"1":{"start":{"line":5,"column":2},"end":{"line":5,"column":null}},"2":{"start":{"line":8,"column":2},"end":{"line":8,"column":null}},"3":{"start":{"line":3,"column":0},"end":{"line":3,"column":13}}},"fnMap":{},"branchMap":{},"s":{"0":1,"1":1,"2":1,"3":1},"f":{},"b":{}}
,"/Users/new/Tiny-miles/src/entities/DateTime.entity.ts": {"path":"/Users/new/Tiny-miles/src/entities/DateTime.entity.ts","statementMap":{"0":{"start":{"line":1,"column":0},"end":{"line":1,"column":81}},"1":{"start":{"line":6,"column":2},"end":{"line":6,"column":null}},"2":{"start":{"line":10,"column":2},"end":{"line":10,"column":null}},"3":{"start":{"line":3,"column":0},"end":{"line":3,"column":13}}},"fnMap":{},"branchMap":{},"s":{"0":1,"1":1,"2":1,"3":1},"f":{},"b":{}}
,"/Users/new/Tiny-miles/src/entities/app.entity.ts": {"path":"/Users/new/Tiny-miles/src/entities/app.entity.ts","statementMap":{"0":{"start":{"line":1,"column":0},"end":{"line":1,"column":45}},"1":{"start":{"line":2,"column":0},"end":{"line":2,"column":99}},"2":{"start":{"line":3,"column":0},"end":{"line":3,"column":46}},"3":{"start":{"line":4,"column":0},"end":{"line":4,"column":42}},"4":{"start":{"line":7,"column":0},"end":{"line":25,"column":null}},"5":{"start":{"line":9,"column":2},"end":{"line":9,"column":null}},"6":{"start":{"line":13,"column":2},"end":{"line":13,"column":null}},"7":{"start":{"line":21,"column":2},"end":{"line":21,"column":null}},"8":{"start":{"line":15,"column":18},"end":{"line":15,"column":26}},"9":{"start":{"line":24,"column":2},"end":{"line":24,"column":null}},"10":{"start":{"line":23,"column":16},"end":{"line":23,"column":25}},"11":{"start":{"line":7,"column":13},"end":{"line":25,"column":null}},"12":{"start":{"line":7,"column":13},"end":{"line":7,"column":27}}},"fnMap":{"0":{"name":"(anonymous_0)","decl":{"start":{"line":15,"column":12},"end":{"line":15,"column":15}},"loc":{"start":{"line":15,"column":18},"end":{"line":15,"column":26}}},"1":{"name":"(anonymous_1)","decl":{"start":{"line":23,"column":10},"end":{"line":23,"column":13}},"loc":{"start":{"line":23,"column":16},"end":{"line":23,"column":25}}}},"branchMap":{},"s":{"0":1,"1":1,"2":1,"3":1,"4":1,"5":1,"6":1,"7":1,"8":1,"9":1,"10":1,"11":1,"12":1},"f":{"0":1,"1":1},"b":{}}
,"/Users/new/Tiny-miles/src/entities/users.entity.ts": {"path":"/Users/new/Tiny-miles/src/entities/users.entity.ts","statementMap":{"0":{"start":{"line":1,"column":0},"end":{"line":1,"column":45}},"1":{"start":{"line":2,"column":0},"end":{"line":2,"column":85}},"2":{"start":{"line":4,"column":0},"end":{"line":4,"column":46}},"3":{"start":{"line":7,"column":0},"end":{"line":22,"column":null}},"4":{"start":{"line":9,"column":2},"end":{"line":9,"column":null}},"5":{"start":{"line":14,"column":2},"end":{"line":14,"column":null}},"6":{"start":{"line":18,"column":2},"end":{"line":18,"column":null}},"7":{"start":{"line":21,"column":2},"end":{"line":21,"column":null}},"8":{"start":{"line":20,"column":16},"end":{"line":20,"column":25}},"9":{"start":{"line":7,"column":13},"end":{"line":22,"column":null}},"10":{"start":{"line":7,"column":13},"end":{"line":7,"column":21}}},"fnMap":{"0":{"name":"(anonymous_0)","decl":{"start":{"line":20,"column":10},"end":{"line":20,"column":13}},"loc":{"start":{"line":20,"column":16},"end":{"line":20,"column":25}}}},"branchMap":{},"s":{"0":1,"1":1,"2":1,"3":1,"4":1,"5":1,"6":1,"7":1,"8":1,"9":1,"10":1},"f":{"0":1},"b":{}}
,"/Users/new/Tiny-miles/src/exceptions/HttpException.ts": {"path":"/Users/new/Tiny-miles/src/exceptions/HttpException.ts","statementMap":{"0":{"start":{"line":6,"column":4},"end":{"line":6,"column":19}},"1":{"start":{"line":7,"column":4},"end":{"line":7,"column":25}},"2":{"start":{"line":8,"column":4},"end":{"line":8,"column":27}},"3":{"start":{"line":1,"column":0},"end":{"line":1,"column":13}}},"fnMap":{"0":{"name":"(anonymous_0)","decl":{"start":{"line":5,"column":2},"end":{"line":5,"column":14}},"loc":{"start":{"line":5,"column":45},"end":{"line":9,"column":3}}}},"branchMap":{},"s":{"0":0,"1":0,"2":0,"3":1},"f":{"0":0},"b":{}}
,"/Users/new/Tiny-miles/src/middlewares/error.middleware.ts": {"path":"/Users/new/Tiny-miles/src/middlewares/error.middleware.ts","statementMap":{"0":{"start":{"line":3,"column":0},"end":{"line":3,"column":39}},"1":{"start":{"line":5,"column":24},"end":{"line":15,"column":1}},"2":{"start":{"line":6,"column":2},"end":{"line":14,"column":null}},"3":{"start":{"line":7,"column":27},"end":{"line":7,"column":46}},"4":{"start":{"line":8,"column":28},"end":{"line":8,"column":67}},"5":{"start":{"line":10,"column":4},"end":{"line":10,"column":96}},"6":{"start":{"line":11,"column":4},"end":{"line":11,"column":41}},"7":{"start":{"line":13,"column":4},"end":{"line":13,"column":16}},"8":{"start":{"line":17,"column":0},"end":{"line":17,"column":31}}},"fnMap":{"0":{"name":"(anonymous_0)","decl":{"start":{"line":5,"column":24},"end":{"line":5,"column":25}},"loc":{"start":{"line":5,"column":98},"end":{"line":15,"column":1}}}},"branchMap":{"0":{"loc":{"start":{"line":7,"column":27},"end":{"line":7,"column":46}},"type":"binary-expr","locations":[{"start":{"line":7,"column":27},"end":{"line":7,"column":39}},{"start":{"line":7,"column":43},"end":{"line":7,"column":46}}]},"1":{"loc":{"start":{"line":8,"column":28},"end":{"line":8,"column":67}},"type":"binary-expr","locations":[{"start":{"line":8,"column":28},"end":{"line":8,"column":41}},{"start":{"line":8,"column":45},"end":{"line":8,"column":67}}]}},"s":{"0":2,"1":2,"2":1,"3":1,"4":1,"5":1,"6":1,"7":0,"8":2},"f":{"0":1},"b":{"0":[1,1],"1":[1,0]}}
,"/Users/new/Tiny-miles/src/middlewares/validation.middleware.ts": {"path":"/Users/new/Tiny-miles/src/middlewares/validation.middleware.ts","statementMap":{"0":{"start":{"line":1,"column":0},"end":{"line":1,"column":49}},"1":{"start":{"line":2,"column":0},"end":{"line":2,"column":60}},"2":{"start":{"line":4,"column":0},"end":{"line":4,"column":58}},"3":{"start":{"line":6,"column":29},"end":{"line":23,"column":1}},"4":{"start":{"line":13,"column":2},"end":{"line":22,"column":4}},"5":{"start":{"line":14,"column":4},"end":{"line":21,"column":7}},"6":{"start":{"line":15,"column":6},"end":{"line":20,"column":null}},"7":{"start":{"line":16,"column":24},"end":{"line":16,"column":107}},"8":{"start":{"line":16,"column":63},"end":{"line":16,"column":95}},"9":{"start":{"line":17,"column":8},"end":{"line":17,"column":46}},"10":{"start":{"line":19,"column":8},"end":{"line":19,"column":15}},"11":{"start":{"line":25,"column":0},"end":{"line":25,"column":36}}},"fnMap":{"0":{"name":"(anonymous_0)","decl":{"start":{"line":6,"column":29},"end":{"line":6,"column":null}},"loc":{"start":{"line":12,"column":20},"end":{"line":23,"column":1}}},"1":{"name":"(anonymous_1)","decl":{"start":{"line":13,"column":9},"end":{"line":13,"column":10}},"loc":{"start":{"line":13,"column":28},"end":{"line":22,"column":3}}},"2":{"name":"(anonymous_2)","decl":{"start":{"line":14,"column":110},"end":{"line":14,"column":111}},"loc":{"start":{"line":14,"column":140},"end":{"line":21,"column":5}}},"3":{"name":"(anonymous_3)","decl":{"start":{"line":16,"column":35},"end":{"line":16,"column":36}},"loc":{"start":{"line":16,"column":63},"end":{"line":16,"column":95}}}},"branchMap":{"0":{"loc":{"start":{"line":8,"column":2},"end":{"line":8,"column":54}},"type":"default-arg","locations":[{"start":{"line":8,"column":48},"end":{"line":8,"column":54}}]},"1":{"loc":{"start":{"line":9,"column":2},"end":{"line":9,"column":31}},"type":"default-arg","locations":[{"start":{"line":9,"column":26},"end":{"line":9,"column":31}}]},"2":{"loc":{"start":{"line":10,"column":2},"end":{"line":10,"column":18}},"type":"default-arg","locations":[{"start":{"line":10,"column":14},"end":{"line":10,"column":18}}]},"3":{"loc":{"start":{"line":11,"column":2},"end":{"line":11,"column":29}},"type":"default-arg","locations":[{"start":{"line":11,"column":25},"end":{"line":11,"column":29}}]},"4":{"loc":{"start":{"line":15,"column":6},"end":{"line":20,"column":null}},"type":"if","locations":[{"start":{"line":15,"column":6},"end":{"line":20,"column":null}},{"start":{"line":18,"column":13},"end":{"line":20,"column":null}}]}},"s":{"0":1,"1":1,"2":1,"3":1,"4":4,"5":2,"6":2,"7":0,"8":0,"9":0,"10":2,"11":1},"f":{"0":4,"1":2,"2":2,"3":0},"b":{"0":[0],"1":[4],"2":[4],"3":[4],"4":[0,2]}}
,"/Users/new/Tiny-miles/src/routes/auth.route.ts": {"path":"/Users/new/Tiny-miles/src/routes/auth.route.ts","statementMap":{"0":{"start":{"line":1,"column":0},"end":{"line":1,"column":33}},"1":{"start":{"line":2,"column":0},"end":{"line":2,"column":58}},"2":{"start":{"line":3,"column":0},"end":{"line":3,"column":48}},"3":{"start":{"line":6,"column":0},"end":{"line":6,"column":70}},"4":{"start":{"line":9,"column":9},"end":{"line":9,"column":29}},"5":{"start":{"line":10,"column":9},"end":{"line":10,"column":27}},"6":{"start":{"line":11,"column":9},"end":{"line":11,"column":47}},"7":{"start":{"line":14,"column":4},"end":{"line":14,"column":28}},"8":{"start":{"line":18,"column":4},"end":{"line":18,"column":116}},"9":{"start":{"line":19,"column":4},"end":{"line":19,"column":114}},"10":{"start":{"line":23,"column":0},"end":{"line":23,"column":25}}},"fnMap":{"0":{"name":"(anonymous_0)","decl":{"start":{"line":13,"column":2},"end":{"line":13,"column":null}},"loc":{"start":{"line":13,"column":2},"end":{"line":15,"column":3}}},"1":{"name":"(anonymous_1)","decl":{"start":{"line":17,"column":10},"end":{"line":17,"column":26}},"loc":{"start":{"line":17,"column":26},"end":{"line":20,"column":3}}}},"branchMap":{},"s":{"0":1,"1":1,"2":1,"3":1,"4":2,"5":2,"6":2,"7":2,"8":2,"9":2,"10":1},"f":{"0":2,"1":2},"b":{}}
,"/Users/new/Tiny-miles/src/routes/index.route.ts": {"path":"/Users/new/Tiny-miles/src/routes/index.route.ts","statementMap":{"0":{"start":{"line":1,"column":0},"end":{"line":1,"column":33}},"1":{"start":{"line":2,"column":0},"end":{"line":2,"column":60}},"2":{"start":{"line":6,"column":9},"end":{"line":6,"column":20}},"3":{"start":{"line":7,"column":9},"end":{"line":7,"column":27}},"4":{"start":{"line":8,"column":9},"end":{"line":8,"column":49}},"5":{"start":{"line":11,"column":4},"end":{"line":11,"column":28}},"6":{"start":{"line":15,"column":4},"end":{"line":15,"column":64}},"7":{"start":{"line":19,"column":0},"end":{"line":19,"column":26}}},"fnMap":{"0":{"name":"(anonymous_0)","decl":{"start":{"line":10,"column":2},"end":{"line":10,"column":null}},"loc":{"start":{"line":10,"column":2},"end":{"line":12,"column":3}}},"1":{"name":"(anonymous_1)","decl":{"start":{"line":14,"column":10},"end":{"line":14,"column":26}},"loc":{"start":{"line":14,"column":26},"end":{"line":16,"column":3}}}},"branchMap":{},"s":{"0":1,"1":1,"2":1,"3":1,"4":1,"5":1,"6":1,"7":1},"f":{"0":1,"1":1},"b":{}}
,"/Users/new/Tiny-miles/src/services/auth.service.ts": {"path":"/Users/new/Tiny-miles/src/services/auth.service.ts","statementMap":{"0":{"start":{"line":1,"column":0},"end":{"line":1,"column":41}},"1":{"start":{"line":2,"column":0},"end":{"line":2,"column":28}},"2":{"start":{"line":3,"column":0},"end":{"line":3,"column":36}},"3":{"start":{"line":4,"column":0},"end":{"line":4,"column":55}},"4":{"start":{"line":6,"column":0},"end":{"line":6,"column":50}},"5":{"start":{"line":7,"column":0},"end":{"line":7,"column":58}},"6":{"start":{"line":10,"column":0},"end":{"line":10,"column":38}},"7":{"start":{"line":13,"column":0},"end":{"line":47,"column":null}},"8":{"start":{"line":15,"column":4},"end":{"line":15,"column":79}},"9":{"start":{"line":15,"column":27},"end":{"line":15,"column":79}},"10":{"start":{"line":17,"column":27},"end":{"line":17,"column":87}},"11":{"start":{"line":18,"column":4},"end":{"line":18,"column":96}},"12":{"start":{"line":18,"column":18},"end":{"line":18,"column":96}},"13":{"start":{"line":20,"column":27},"end":{"line":20,"column":60}},"14":{"start":{"line":21,"column":33},"end":{"line":21,"column":104}},"15":{"start":{"line":22,"column":4},"end":{"line":22,"column":26}},"16":{"start":{"line":26,"column":4},"end":{"line":26,"column":79}},"17":{"start":{"line":26,"column":27},"end":{"line":26,"column":79}},"18":{"start":{"line":28,"column":27},"end":{"line":28,"column":87}},"19":{"start":{"line":29,"column":4},"end":{"line":29,"column":92}},"20":{"start":{"line":29,"column":19},"end":{"line":29,"column":92}},"21":{"start":{"line":31,"column":40},"end":{"line":31,"column":91}},"22":{"start":{"line":32,"column":4},"end":{"line":32,"column":90}},"23":{"start":{"line":32,"column":29},"end":{"line":32,"column":90}},"24":{"start":{"line":34,"column":22},"end":{"line":34,"column":48}},"25":{"start":{"line":36,"column":4},"end":{"line":36,"column":25}},"26":{"start":{"line":41,"column":49},"end":{"line":41,"column":64}},"27":{"start":{"line":42,"column":30},"end":{"line":42,"column":53}},"28":{"start":{"line":43,"column":30},"end":{"line":43,"column":40}},"29":{"start":{"line":45,"column":4},"end":{"line":45,"column":72}},"30":{"start":{"line":13,"column":6},"end":{"line":47,"column":null}},"31":{"start":{"line":49,"column":0},"end":{"line":49,"column":27}}},"fnMap":{"0":{"name":"(anonymous_0)","decl":{"start":{"line":14,"column":9},"end":{"line":14,"column":14}},"loc":{"start":{"line":14,"column":45},"end":{"line":23,"column":3}}},"1":{"name":"(anonymous_1)","decl":{"start":{"line":25,"column":9},"end":{"line":25,"column":14}},"loc":{"start":{"line":25,"column":44},"end":{"line":37,"column":3}}},"2":{"name":"(anonymous_2)","decl":{"start":{"line":40,"column":9},"end":{"line":40,"column":20}},"loc":{"start":{"line":40,"column":31},"end":{"line":46,"column":3}}}},"branchMap":{"0":{"loc":{"start":{"line":15,"column":4},"end":{"line":15,"column":79}},"type":"if","locations":[{"start":{"line":15,"column":4},"end":{"line":15,"column":79}}]},"1":{"loc":{"start":{"line":18,"column":4},"end":{"line":18,"column":96}},"type":"if","locations":[{"start":{"line":18,"column":4},"end":{"line":18,"column":96}}]},"2":{"loc":{"start":{"line":26,"column":4},"end":{"line":26,"column":79}},"type":"if","locations":[{"start":{"line":26,"column":4},"end":{"line":26,"column":79}}]},"3":{"loc":{"start":{"line":29,"column":4},"end":{"line":29,"column":92}},"type":"if","locations":[{"start":{"line":29,"column":4},"end":{"line":29,"column":92}}]},"4":{"loc":{"start":{"line":32,"column":4},"end":{"line":32,"column":90}},"type":"if","locations":[{"start":{"line":32,"column":4},"end":{"line":32,"column":90}}]}},"s":{"0":1,"1":1,"2":1,"3":1,"4":1,"5":1,"6":1,"7":1,"8":1,"9":0,"10":1,"11":1,"12":0,"13":1,"14":1,"15":0,"16":1,"17":0,"18":1,"19":1,"20":0,"21":1,"22":1,"23":0,"24":1,"25":1,"26":1,"27":1,"28":1,"29":1,"30":1,"31":1},"f":{"0":1,"1":1,"2":1},"b":{"0":[0],"1":[0],"2":[0],"3":[0],"4":[0]}}
,"/Users/new/Tiny-miles/src/utils/logger.ts": {"path":"/Users/new/Tiny-miles/src/utils/logger.ts","statementMap":{"0":{"start":{"line":1,"column":0},"end":{"line":1,"column":28}},"1":{"start":{"line":2,"column":0},"end":{"line":2,"column":43}},"2":{"start":{"line":3,"column":0},"end":{"line":3,"column":28}},"3":{"start":{"line":4,"column":0},"end":{"line":4,"column":30}},"4":{"start":{"line":5,"column":0},"end":{"line":5,"column":53}},"5":{"start":{"line":8,"column":23},"end":{"line":8,"column":61}},"6":{"start":{"line":10,"column":0},"end":{"line":12,"column":null}},"7":{"start":{"line":11,"column":2},"end":{"line":11,"column":20}},"8":{"start":{"line":15,"column":18},"end":{"line":15,"column":111}},"9":{"start":{"line":15,"column":75},"end":{"line":15,"column":110}},"10":{"start":{"line":21,"column":15},"end":{"line":51,"column":2}},"11":{"start":{"line":65,"column":9},"end":{"line":65,"column":15}},"12":{"start":{"line":53,"column":0},"end":{"line":57,"column":2}},"13":{"start":{"line":59,"column":15},"end":{"line":63,"column":2}},"14":{"start":{"line":61,"column":4},"end":{"line":61,"column":65}},"15":{"start":{"line":65,"column":17},"end":{"line":65,"column":23}}},"fnMap":{"0":{"name":"(anonymous_0)","decl":{"start":{"line":15,"column":40},"end":{"line":15,"column":41}},"loc":{"start":{"line":15,"column":75},"end":{"line":15,"column":110}}},"1":{"name":"(anonymous_1)","decl":{"start":{"line":60,"column":9},"end":{"line":60,"column":10}},"loc":{"start":{"line":60,"column":29},"end":{"line":62,"column":3}}}},"branchMap":{"0":{"loc":{"start":{"line":10,"column":0},"end":{"line":12,"column":null}},"type":"if","locations":[{"start":{"line":10,"column":0},"end":{"line":12,"column":null}}]}},"s":{"0":2,"1":2,"2":2,"3":2,"4":2,"5":2,"6":2,"7":0,"8":2,"9":4,"10":2,"11":2,"12":2,"13":2,"14":3,"15":2},"f":{"0":4,"1":3},"b":{"0":[0]}}
,"/Users/new/Tiny-miles/src/utils/util.ts": {"path":"/Users/new/Tiny-miles/src/utils/util.ts","statementMap":{"0":{"start":{"line":7,"column":23},"end":{"line":19,"column":1}},"1":{"start":{"line":8,"column":2},"end":{"line":18,"column":null}},"2":{"start":{"line":9,"column":4},"end":{"line":9,"column":16}},"3":{"start":{"line":10,"column":9},"end":{"line":18,"column":null}},"4":{"start":{"line":11,"column":4},"end":{"line":11,"column":16}},"5":{"start":{"line":12,"column":9},"end":{"line":18,"column":null}},"6":{"start":{"line":13,"column":4},"end":{"line":13,"column":16}},"7":{"start":{"line":14,"column":9},"end":{"line":18,"column":null}},"8":{"start":{"line":15,"column":4},"end":{"line":15,"column":16}},"9":{"start":{"line":17,"column":4},"end":{"line":17,"column":17}},"10":{"start":{"line":7,"column":13},"end":{"line":7,"column":23}}},"fnMap":{"0":{"name":"(anonymous_0)","decl":{"start":{"line":7,"column":23},"end":{"line":7,"column":24}},"loc":{"start":{"line":7,"column":68},"end":{"line":19,"column":1}}}},"branchMap":{"0":{"loc":{"start":{"line":8,"column":2},"end":{"line":18,"column":null}},"type":"if","locations":[{"start":{"line":8,"column":2},"end":{"line":18,"column":null}},{"start":{"line":10,"column":9},"end":{"line":18,"column":null}}]},"1":{"loc":{"start":{"line":10,"column":9},"end":{"line":18,"column":null}},"type":"if","locations":[{"start":{"line":10,"column":9},"end":{"line":18,"column":null}},{"start":{"line":12,"column":9},"end":{"line":18,"column":null}}]},"2":{"loc":{"start":{"line":10,"column":13},"end":{"line":10,"column":54}},"type":"binary-expr","locations":[{"start":{"line":10,"column":13},"end":{"line":10,"column":38}},{"start":{"line":10,"column":42},"end":{"line":10,"column":54}}]},"3":{"loc":{"start":{"line":12,"column":9},"end":{"line":18,"column":null}},"type":"if","locations":[{"start":{"line":12,"column":9},"end":{"line":18,"column":null}},{"start":{"line":14,"column":9},"end":{"line":18,"column":null}}]},"4":{"loc":{"start":{"line":12,"column":13},"end":{"line":12,"column":64}},"type":"binary-expr","locations":[{"start":{"line":12,"column":13},"end":{"line":12,"column":41}},{"start":{"line":12,"column":45},"end":{"line":12,"column":64}}]},"5":{"loc":{"start":{"line":14,"column":9},"end":{"line":18,"column":null}},"type":"if","locations":[{"start":{"line":14,"column":9},"end":{"line":18,"column":null}},{"start":{"line":16,"column":9},"end":{"line":18,"column":null}}]},"6":{"loc":{"start":{"line":14,"column":13},"end":{"line":14,"column":86}},"type":"binary-expr","locations":[{"start":{"line":14,"column":13},"end":{"line":14,"column":27}},{"start":{"line":14,"column":31},"end":{"line":14,"column":56}},{"start":{"line":14,"column":60},"end":{"line":14,"column":86}}]}},"s":{"0":1,"1":2,"2":0,"3":2,"4":0,"5":2,"6":0,"7":2,"8":0,"9":2,"10":1},"f":{"0":2},"b":{"0":[0,2],"1":[0,2],"2":[2,2],"3":[0,2],"4":[2,2],"5":[0,2],"6":[2,2,2]}}
}
